# JRE version: OpenJDK Runtime Environment (11.0.13) (build 11.0.13+0-b1751.21-8125866)
# Java VM: OpenJDK 64-Bit Server VM (11.0.13+0-b1751.21-8125866, mixed mode, tiered, compressed oops, g1 gc, linux-amd64)
Heap:
 garbage-first heap   total 595968K, used 153399K [0x0000000080000000, 0x0000000100000000)
  region size 1024K, 3 young (3072K), 3 survivors (3072K)
 Metaspace       used 119107K, capacity 122087K, committed 122376K, reserved 1155072K
  class space    used 14833K, capacity 16011K, committed 16032K, reserved 1048576K
GC Heap History (20 events):
Event: 120.002 GC heap after
{Heap after GC invocations=50 (full 0):
 garbage-first heap   total 459776K, used 150879K [0x0000000080000000, 0x0000000100000000)
  region size 1024K, 10 young (10240K), 10 survivors (10240K)
 Metaspace       used 119022K, capacity 122018K, committed 122120K, reserved 1155072K
  class space    used 14829K, capacity 16009K, committed 16032K, reserved 1048576K
}
Event: 131.822 GC heap before
{Heap before GC invocations=50 (full 0):
 garbage-first heap   total 459776K, used 388447K [0x0000000080000000, 0x0000000100000000)
  region size 1024K, 243 young (248832K), 10 survivors (10240K)
 Metaspace       used 119073K, capacity 122087K, committed 122376K, reserved 1155072K
  class space    used 14833K, capacity 16011K, committed 16032K, reserved 1048576K
}
Event: 133.109 GC heap after
{Heap after GC invocations=51 (full 0):
 garbage-first heap   total 459776K, used 150879K [0x0000000080000000, 0x0000000100000000)
  region size 1024K, 10 young (10240K), 10 survivors (10240K)
 Metaspace       used 119073K, capacity 122087K, committed 122376K, reserved 1155072K
  class space    used 14833K, capacity 16011K, committed 16032K, reserved 1048576K
}
Event: 133.562 GC heap before
{Heap before GC invocations=51 (full 0):
 garbage-first heap   total 459776K, used 162143K [0x0000000080000000, 0x0000000100000000)
  region size 1024K, 22 young (22528K), 10 survivors (10240K)
 Metaspace       used 119073K, capacity 122087K, committed 122376K, reserved 1155072K
  class space    used 14833K, capacity 16011K, committed 16032K, reserved 1048576K
}
Event: 134.260 GC heap after
{Heap after GC invocations=52 (full 0):
 garbage-first heap   total 459776K, used 152123K [0x0000000080000000, 0x0000000100000000)
  region size 1024K, 3 young (3072K), 3 survivors (3072K)
 Metaspace       used 119073K, capacity 122087K, committed 122376K, reserved 1155072K
  class space    used 14833K, capacity 16011K, committed 16032K, reserved 1048576K
}
Event: 146.374 GC heap before
{Heap before GC invocations=52 (full 0):
 garbage-first heap   total 459776K, used 171579K [0x0000000080000000, 0x0000000100000000)
  region size 1024K, 22 young (22528K), 3 survivors (3072K)
 Metaspace       used 119076K, capacity 122087K, committed 122376K, reserved 1155072K
  class space    used 14833K, capacity 16011K, committed 16032K, reserved 1048576K
}
Event: 146.538 GC heap after
{Heap after GC invocations=53 (full 0):
 garbage-first heap   total 459776K, used 152152K [0x0000000080000000, 0x0000000100000000)
  region size 1024K, 3 young (3072K), 3 survivors (3072K)
 Metaspace       used 119076K, capacity 122087K, committed 122376K, reserved 1155072K
  class space    used 14833K, capacity 16011K, committed 16032K, reserved 1048576K
}
Event: 146.744 GC heap before
{Heap before GC invocations=53 (full 0):
 garbage-first heap   total 459776K, used 171608K [0x0000000080000000, 0x0000000100000000)
  region size 1024K, 22 young (22528K), 3 survivors (3072K)
 Metaspace       used 119077K, capacity 122087K, committed 122376K, reserved 1155072K
  class space    used 14833K, capacity 16011K, committed 16032K, reserved 1048576K
}
Event: 146.819 GC heap after
{Heap after GC invocations=54 (full 0):
 garbage-first heap   total 459776K, used 152364K [0x0000000080000000, 0x0000000100000000)
  region size 1024K, 2 young (2048K), 2 survivors (2048K)
 Metaspace       used 119077K, capacity 122087K, committed 122376K, reserved 1155072K
  class space    used 14833K, capacity 16011K, committed 16032K, reserved 1048576K
}
Event: 147.201 GC heap before
{Heap before GC invocations=54 (full 0):
 garbage-first heap   total 459776K, used 172844K [0x0000000080000000, 0x0000000100000000)
  region size 1024K, 22 young (22528K), 2 survivors (2048K)
 Metaspace       used 119083K, capacity 122087K, committed 122376K, reserved 1155072K
  class space    used 14833K, capacity 16011K, committed 16032K, reserved 1048576K
}
Event: 147.350 GC heap after
{Heap after GC invocations=55 (full 0):
 garbage-first heap   total 459776K, used 152369K [0x0000000080000000, 0x0000000100000000)
  region size 1024K, 2 young (2048K), 2 survivors (2048K)
 Metaspace       used 119083K, capacity 122087K, committed 122376K, reserved 1155072K
  class space    used 14833K, capacity 16011K, committed 16032K, reserved 1048576K
}
Event: 147.648 GC heap before
{Heap before GC invocations=55 (full 0):
 garbage-first heap   total 459776K, used 176945K [0x0000000080000000, 0x0000000100000000)
  region size 1024K, 26 young (26624K), 2 survivors (2048K)
 Metaspace       used 119084K, capacity 122087K, committed 122376K, reserved 1155072K
  class space    used 14833K, capacity 16011K, committed 16032K, reserved 1048576K
}
Event: 147.838 GC heap after
{Heap after GC invocations=56 (full 0):
 garbage-first heap   total 459776K, used 152590K [0x0000000080000000, 0x0000000100000000)
  region size 1024K, 2 young (2048K), 2 survivors (2048K)
 Metaspace       used 119084K, capacity 122087K, committed 122376K, reserved 1155072K
  class space    used 14833K, capacity 16011K, committed 16032K, reserved 1048576K
}
Event: 148.237 GC heap before
{Heap before GC invocations=56 (full 0):
 garbage-first heap   total 459776K, used 189454K [0x0000000080000000, 0x0000000100000000)
  region size 1024K, 38 young (38912K), 2 survivors (2048K)
 Metaspace       used 119086K, capacity 122087K, committed 122376K, reserved 1155072K
  class space    used 14833K, capacity 16011K, committed 16032K, reserved 1048576K
}
Event: 148.283 GC heap after
{Heap after GC invocations=57 (full 0):
 garbage-first heap   total 459776K, used 152551K [0x0000000080000000, 0x0000000100000000)
  region size 1024K, 2 young (2048K), 2 survivors (2048K)
 Metaspace       used 119086K, capacity 122087K, committed 122376K, reserved 1155072K
  class space    used 14833K, capacity 16011K, committed 16032K, reserved 1048576K
}
Event: 148.784 GC heap before
{Heap before GC invocations=57 (full 0):
 garbage-first heap   total 459776K, used 206823K [0x0000000080000000, 0x0000000100000000)
  region size 1024K, 55 young (56320K), 2 survivors (2048K)
 Metaspace       used 119098K, capacity 122087K, committed 122376K, reserved 1155072K
  class space    used 14833K, capacity 16011K, committed 16032K, reserved 1048576K
}
Event: 148.948 GC heap after
{Heap after GC invocations=58 (full 0):
 garbage-first heap   total 459776K, used 153507K [0x0000000080000000, 0x0000000100000000)
  region size 1024K, 3 young (3072K), 3 survivors (3072K)
 Metaspace       used 119098K, capacity 122087K, committed 122376K, reserved 1155072K
  class space    used 14833K, capacity 16011K, committed 16032K, reserved 1048576K
}
Event: 149.595 GC heap before
{Heap before GC invocations=58 (full 0):
 garbage-first heap   total 459776K, used 212899K [0x0000000080000000, 0x0000000100000000)
  region size 1024K, 61 young (62464K), 3 survivors (3072K)
 Metaspace       used 119103K, capacity 122087K, committed 122376K, reserved 1155072K
  class space    used 14833K, capacity 16011K, committed 16032K, reserved 1048576K
}
Event: 149.670 GC heap after
{Heap after GC invocations=59 (full 0):
 garbage-first heap   total 459776K, used 153106K [0x0000000080000000, 0x0000000100000000)
  region size 1024K, 3 young (3072K), 3 survivors (3072K)
 Metaspace       used 119103K, capacity 122087K, committed 122376K, reserved 1155072K
  class space    used 14833K, capacity 16011K, committed 16032K, reserved 1048576K
}
Event: 150.460 GC heap before
{Heap before GC invocations=59 (full 0):
 garbage-first heap   total 459776K, used 225810K [0x0000000080000000, 0x0000000100000000)
  region size 1024K, 74 young (75776K), 3 survivors (3072K)
 Metaspace       used 119107K, capacity 122087K, committed 122376K, reserved 1155072K
  class space    used 14833K, capacity 16011K, committed 16032K, reserved 1048576K
}

